[debug] [2023-06-07T02:51:17.510Z] ----------------------------------------------------------------------
[debug] [2023-06-07T02:51:17.514Z] Command:       C:\Program Files\nodejs\node.exe C:\Users\jucille escala\AppData\Roaming\npm\node_modules\firebase-tools\lib\bin\firebase.js init
[debug] [2023-06-07T02:51:17.515Z] CLI Version:   11.27.0
[debug] [2023-06-07T02:51:17.516Z] Platform:      win32
[debug] [2023-06-07T02:51:17.516Z] Node Version:  v18.15.0
[debug] [2023-06-07T02:51:17.522Z] Time:          Wed Jun 07 2023 10:51:17 GMT+0800 (Philippine Standard Time)
[debug] [2023-06-07T02:51:17.522Z] ----------------------------------------------------------------------
[debug] 
[debug] [2023-06-07T02:51:17.540Z] > command requires scopes: ["email","openid","https://www.googleapis.com/auth/cloudplatformprojects.readonly","https://www.googleapis.com/auth/firebase","https://www.googleapis.com/auth/cloud-platform"]
[debug] [2023-06-07T02:51:17.541Z] > authorizing via signed-in user (jucillemae.escala@g.msuiit.edu.ph)
[info] 
     ######## #### ########  ######## ########     ###     ######  ########
     ##        ##  ##     ## ##       ##     ##  ##   ##  ##       ##
     ######    ##  ########  ######   ########  #########  ######  ######
     ##        ##  ##    ##  ##       ##     ## ##     ##       ## ##
     ##       #### ##     ## ######## ########  ##     ##  ######  ########

You're about to initialize a Firebase project in this directory:

  C:\Users\jucille escala\OneDrive\Documents\firebaseActivity\covidDataSet

[info] 
=== Project Setup
[info] 
[info] First, let's associate this project directory with a Firebase project.
[info] You can create multiple project aliases by running firebase use --add, 
[info] but for now we'll just set up a default project.
[info] 
[debug] [2023-06-07T02:51:45.983Z] > refreshing access token with scopes: []
[debug] [2023-06-07T02:51:45.987Z] >>> [apiv2][query] POST https://www.googleapis.com/oauth2/v3/token [none]
[debug] [2023-06-07T02:51:45.987Z] >>> [apiv2][body] POST https://www.googleapis.com/oauth2/v3/token [omitted]
[debug] [2023-06-07T02:51:46.479Z] <<< [apiv2][status] POST https://www.googleapis.com/oauth2/v3/token 200
[debug] [2023-06-07T02:51:46.479Z] <<< [apiv2][body] POST https://www.googleapis.com/oauth2/v3/token [omitted]
[debug] [2023-06-07T02:51:46.492Z] >>> [apiv2][query] GET https://firebase.googleapis.com/v1beta1/projects pageSize=100
[debug] [2023-06-07T02:51:47.782Z] <<< [apiv2][status] GET https://firebase.googleapis.com/v1beta1/projects 200
[debug] [2023-06-07T02:51:47.782Z] <<< [apiv2][body] GET https://firebase.googleapis.com/v1beta1/projects [omitted]
[info] i  Using project coviddata-ff21d (covidData) 
[info] 
=== Database Setup
[info] i  database: ensuring required API firebasedatabase.googleapis.com is enabled... 
[debug] [2023-06-07T02:51:56.750Z] >>> [apiv2][query] GET https://serviceusage.googleapis.com/v1/projects/coviddata-ff21d/services/firebasedatabase.googleapis.com [none]
[debug] [2023-06-07T02:51:56.750Z] >>> [apiv2][(partial)header] GET https://serviceusage.googleapis.com/v1/projects/coviddata-ff21d/services/firebasedatabase.googleapis.com x-goog-quota-user=projects/coviddata-ff21d
[debug] [2023-06-07T02:51:58.490Z] <<< [apiv2][status] GET https://serviceusage.googleapis.com/v1/projects/coviddata-ff21d/services/firebasedatabase.googleapis.com 200
[debug] [2023-06-07T02:51:58.490Z] <<< [apiv2][body] GET https://serviceusage.googleapis.com/v1/projects/coviddata-ff21d/services/firebasedatabase.googleapis.com [omitted]
[warn] !  database: missing required API firebasedatabase.googleapis.com. Enabling now... 
[debug] [2023-06-07T02:51:58.498Z] >>> [apiv2][query] POST https://serviceusage.googleapis.com/v1/projects/coviddata-ff21d/services/firebasedatabase.googleapis.com:enable [none]
[debug] [2023-06-07T02:51:58.498Z] >>> [apiv2][(partial)header] POST https://serviceusage.googleapis.com/v1/projects/coviddata-ff21d/services/firebasedatabase.googleapis.com:enable x-goog-quota-user=projects/coviddata-ff21d
[debug] [2023-06-07T02:52:00.315Z] <<< [apiv2][status] POST https://serviceusage.googleapis.com/v1/projects/coviddata-ff21d/services/firebasedatabase.googleapis.com:enable 200
[debug] [2023-06-07T02:52:00.315Z] <<< [apiv2][body] POST https://serviceusage.googleapis.com/v1/projects/coviddata-ff21d/services/firebasedatabase.googleapis.com:enable [omitted]
[debug] [2023-06-07T02:52:10.319Z] >>> [apiv2][query] GET https://serviceusage.googleapis.com/v1/projects/coviddata-ff21d/services/firebasedatabase.googleapis.com [none]
[debug] [2023-06-07T02:52:10.319Z] >>> [apiv2][(partial)header] GET https://serviceusage.googleapis.com/v1/projects/coviddata-ff21d/services/firebasedatabase.googleapis.com x-goog-quota-user=projects/coviddata-ff21d
[debug] [2023-06-07T02:52:11.868Z] <<< [apiv2][status] GET https://serviceusage.googleapis.com/v1/projects/coviddata-ff21d/services/firebasedatabase.googleapis.com 200
[debug] [2023-06-07T02:52:11.868Z] <<< [apiv2][body] GET https://serviceusage.googleapis.com/v1/projects/coviddata-ff21d/services/firebasedatabase.googleapis.com [omitted]
[info] +  database: required API firebasedatabase.googleapis.com is enabled 
[info] 
[debug] [2023-06-07T02:52:11.878Z] >>> [apiv2][query] GET https://firebase.googleapis.com/v1beta1/projects/coviddata-ff21d [none]
[debug] [2023-06-07T02:52:12.464Z] <<< [apiv2][status] GET https://firebase.googleapis.com/v1beta1/projects/coviddata-ff21d 200
[debug] [2023-06-07T02:52:12.464Z] <<< [apiv2][body] GET https://firebase.googleapis.com/v1beta1/projects/coviddata-ff21d {"projectId":"coviddata-ff21d","projectNumber":"669024748294","displayName":"covidData","name":"projects/coviddata-ff21d","resources":{"hostingSite":"coviddata-ff21d"},"state":"ACTIVE","etag":"1_5b79b230-eba8-4363-b51a-5e0e6bf9b1bf"}
[debug] [2023-06-07T02:52:44.448Z] >>> [apiv2][query] POST https://firebasedatabase.googleapis.com/v1beta/projects/coviddata-ff21d/locations/asia-southeast1/instances databaseId=coviddata-ff21d-default-rtdb&validateOnly=true
[debug] [2023-06-07T02:52:44.448Z] >>> [apiv2][body] POST https://firebasedatabase.googleapis.com/v1beta/projects/coviddata-ff21d/locations/asia-southeast1/instances {"type":"default_database"}
[debug] [2023-06-07T02:52:45.563Z] <<< [apiv2][status] POST https://firebasedatabase.googleapis.com/v1beta/projects/coviddata-ff21d/locations/asia-southeast1/instances 200
[debug] [2023-06-07T02:52:45.563Z] <<< [apiv2][body] POST https://firebasedatabase.googleapis.com/v1beta/projects/coviddata-ff21d/locations/asia-southeast1/instances {"name":"projects/669024748294/locations/asia-southeast1/instances/coviddata-ff21d-default-rtdb","project":"projects/669024748294","databaseUrl":"https://coviddata-ff21d-default-rtdb.asia-southeast1.firebasedatabase.app","type":"DEFAULT_DATABASE","state":"ACTIVE"}
[debug] [2023-06-07T02:52:45.565Z] >>> [apiv2][query] POST https://firebasedatabase.googleapis.com/v1beta/projects/coviddata-ff21d/locations/asia-southeast1/instances databaseId=coviddata-ff21d-default-rtdb
[debug] [2023-06-07T02:52:45.565Z] >>> [apiv2][body] POST https://firebasedatabase.googleapis.com/v1beta/projects/coviddata-ff21d/locations/asia-southeast1/instances {"type":"default_database"}
[debug] [2023-06-07T02:52:46.738Z] <<< [apiv2][status] POST https://firebasedatabase.googleapis.com/v1beta/projects/coviddata-ff21d/locations/asia-southeast1/instances 200
[debug] [2023-06-07T02:52:46.738Z] <<< [apiv2][body] POST https://firebasedatabase.googleapis.com/v1beta/projects/coviddata-ff21d/locations/asia-southeast1/instances {"name":"projects/669024748294/locations/asia-southeast1/instances/coviddata-ff21d-default-rtdb","project":"projects/669024748294","databaseUrl":"https://coviddata-ff21d-default-rtdb.asia-southeast1.firebasedatabase.app","type":"DEFAULT_DATABASE","state":"ACTIVE"}
[info] 
[info] Firebase Realtime Database Security Rules allow you to define how your data should be
[info] structured and when your data can be read from and written to.
[info] 
